Some log message 1 
 ?ãÂ??ô‰ªΩ

-------------------------------------------------------------------------------
   ROBOCOPY     ::     Robust File Copy for Windows                              
-------------------------------------------------------------------------------

  §w±“∞  : 2024¶~4§Î23§È §U§» 04:18:19
    ®”∑Ω : E:\20240423\roby_a\
  •ÿ™∫¶a : E:\20240423\roby_b\

    ¿…Æ◊ : *.*
	    
    øÔ∂µ : *.* /S /E /DCOPY:DA /COPY:DAT /PURGE /XO /R:1000000 /W:30 

-------------------------------------------------------------------------------

	                   2	E:\20240423\roby_a\
	    ∑s¿…Æ◊    		       0	∑s¬I∞}πœºvπ≥.bmp

-------------------------------------------------------------------------------

                  ¡`≠p       §wΩ∆ªs        ≤§πL        §£≤≈        •¢±—        √B•~
      •ÿø˝ :         1         0         1         0         0         0
      ¿…Æ◊ :         2         1         1         0         0         0
     ¶Ï§∏≤’ :         0         0         0         0         0         0
      Æ…∂° :   0:00:00   0:00:00                       0:00:00   0:00:00
   §wµ≤ßÙ : 2024¶~4§Î23§È §U§» 04:18:19

?ô‰ªΩÁµêÊ?
